<?xml version="1.0" encoding="UTF-8"?>
<coverage generated="1700000865123" clover="3.2.0">
  <project timestamp="1700000865123" name="All files">
    <metrics statements="31" coveredstatements="30" conditionals="21" coveredconditionals="21" methods="5" coveredmethods="5" elements="57" coveredelements="56" complexity="0" loc="31" ncloc="31" packages="2" files="2" classes="2"/>
    <package name="API's">
      <metrics statements="21" coveredstatements="21" conditionals="21" coveredconditionals="21" methods="1" coveredmethods="1"/>
      <file name="apiOne.js" path="/Users/benwalker/Documents/programming/Mission-Ready/Code.nosync/Level-5/Missions/Mission-1/Level-5-Mission-1/src/API's/apiOne.js">
        <metrics statements="21" coveredstatements="21" conditionals="21" coveredconditionals="21" methods="1" coveredmethods="1"/>
        <line num="2" count="1" type="stmt"/>
        <line num="3" count="1" type="stmt"/>
        <line num="4" count="1" type="stmt"/>
        <line num="7" count="1" type="stmt"/>
        <line num="13" count="1" type="stmt"/>
        <line num="14" count="1" type="stmt"/>
        <line num="18" count="1" type="stmt"/>
        <line num="20" count="9" type="stmt"/>
        <line num="28" count="9" type="cond" truecount="2" falsecount="0"/>
        <line num="29" count="1" type="stmt"/>
        <line num="32" count="8" type="cond" truecount="7" falsecount="0"/>
        <line num="33" count="4" type="stmt"/>
        <line num="37" count="4" type="cond" truecount="4" falsecount="0"/>
        <line num="38" count="1" type="stmt"/>
        <line num="41" count="3" type="cond" truecount="4" falsecount="0"/>
        <line num="42" count="1" type="stmt"/>
        <line num="45" count="2" type="cond" truecount="4" falsecount="0"/>
        <line num="46" count="1" type="stmt"/>
        <line num="50" count="1" type="stmt"/>
        <line num="53" count="1" type="stmt"/>
        <line num="57" count="1" type="stmt"/>
      </file>
    </package>
    <package name="functions">
      <metrics statements="10" coveredstatements="9" conditionals="0" coveredconditionals="0" methods="4" coveredmethods="4"/>
      <file name="calculateCarValue.js" path="/Users/benwalker/Documents/programming/Mission-Ready/Code.nosync/Level-5/Missions/Mission-1/Level-5-Mission-1/src/functions/calculateCarValue.js">
        <metrics statements="10" coveredstatements="9" conditionals="0" coveredconditionals="0" methods="4" coveredmethods="4"/>
        <line num="4" count="1" type="stmt"/>
        <line num="6" count="1" type="stmt"/>
        <line num="9" count="1" type="stmt"/>
        <line num="11" count="5" type="stmt"/>
        <line num="34" count="5" type="stmt"/>
        <line num="38" count="1" type="stmt"/>
        <line num="40" count="5" type="stmt"/>
        <line num="45" count="1" type="stmt"/>
        <line num="48" count="0" type="stmt"/>
        <line num="53" count="1" type="stmt"/>
      </file>
    </package>
  </project>
</coverage>
