{"/Users/benwalker/Documents/programming/Mission-Ready/Code.nosync/Level-5/Missions/Mission-1/Level-5-Mission-1/src/API's/apiOne.js": {"path":"/Users/benwalker/Documents/programming/Mission-Ready/Code.nosync/Level-5/Missions/Mission-1/Level-5-Mission-1/src/API's/apiOne.js","statementMap":{"0":{"start":{"line":2,"column":16},"end":{"line":2,"column":34}},"1":{"start":{"line":3,"column":19},"end":{"line":3,"column":41}},"2":{"start":{"line":4,"column":26},"end":{"line":4,"column":67}},"3":{"start":{"line":7,"column":12},"end":{"line":7,"column":21}},"4":{"start":{"line":13,"column":0},"end":{"line":13,"column":27}},"5":{"start":{"line":14,"column":0},"end":{"line":14,"column":51}},"6":{"start":{"line":18,"column":0},"end":{"line":54,"column":5}},"7":{"start":{"line":20,"column":28},"end":{"line":20,"column":36}},"8":{"start":{"line":28,"column":4},"end":{"line":30,"column":5}},"9":{"start":{"line":29,"column":6},"end":{"line":29,"column":110}},"10":{"start":{"line":32,"column":4},"end":{"line":34,"column":5}},"11":{"start":{"line":33,"column":6},"end":{"line":33,"column":79}},"12":{"start":{"line":37,"column":4},"end":{"line":39,"column":5}},"13":{"start":{"line":38,"column":6},"end":{"line":38,"column":77}},"14":{"start":{"line":41,"column":4},"end":{"line":43,"column":5}},"15":{"start":{"line":42,"column":6},"end":{"line":42,"column":78}},"16":{"start":{"line":45,"column":4},"end":{"line":47,"column":5}},"17":{"start":{"line":46,"column":6},"end":{"line":46,"column":76}},"18":{"start":{"line":50,"column":19},"end":{"line":50,"column":49}},"19":{"start":{"line":53,"column":4},"end":{"line":53,"column":21}},"20":{"start":{"line":57,"column":2},"end":{"line":57,"column":23}}},"fnMap":{"0":{"name":"(anonymous_0)","decl":{"start":{"line":18,"column":31},"end":{"line":18,"column":32}},"loc":{"start":{"line":18,"column":45},"end":{"line":54,"column":3}},"line":18}},"branchMap":{"0":{"loc":{"start":{"line":28,"column":4},"end":{"line":30,"column":5}},"type":"if","locations":[{"start":{"line":28,"column":4},"end":{"line":30,"column":5}},{"start":{},"end":{}}],"line":28},"1":{"loc":{"start":{"line":32,"column":4},"end":{"line":34,"column":5}},"type":"if","locations":[{"start":{"line":32,"column":4},"end":{"line":34,"column":5}},{"start":{},"end":{}}],"line":32},"2":{"loc":{"start":{"line":32,"column":8},"end":{"line":32,"column":90}},"type":"binary-expr","locations":[{"start":{"line":32,"column":9},"end":{"line":32,"column":23}},{"start":{"line":32,"column":27},"end":{"line":32,"column":46}},{"start":{"line":32,"column":50},"end":{"line":32,"column":65}},{"start":{"line":32,"column":69},"end":{"line":32,"column":81}},{"start":{"line":32,"column":86},"end":{"line":32,"column":90}}],"line":32},"3":{"loc":{"start":{"line":37,"column":4},"end":{"line":39,"column":5}},"type":"if","locations":[{"start":{"line":37,"column":4},"end":{"line":39,"column":5}},{"start":{},"end":{}}],"line":37},"4":{"loc":{"start":{"line":37,"column":8},"end":{"line":37,"column":41}},"type":"binary-expr","locations":[{"start":{"line":37,"column":8},"end":{"line":37,"column":13}},{"start":{"line":37,"column":17},"end":{"line":37,"column":41}}],"line":37},"5":{"loc":{"start":{"line":41,"column":4},"end":{"line":43,"column":5}},"type":"if","locations":[{"start":{"line":41,"column":4},"end":{"line":43,"column":5}},{"start":{},"end":{}}],"line":41},"6":{"loc":{"start":{"line":41,"column":8},"end":{"line":41,"column":28}},"type":"binary-expr","locations":[{"start":{"line":41,"column":8},"end":{"line":41,"column":13}},{"start":{"line":41,"column":17},"end":{"line":41,"column":28}}],"line":41},"7":{"loc":{"start":{"line":45,"column":4},"end":{"line":47,"column":5}},"type":"if","locations":[{"start":{"line":45,"column":4},"end":{"line":47,"column":5}},{"start":{},"end":{}}],"line":45},"8":{"loc":{"start":{"line":45,"column":7},"end":{"line":45,"column":27}},"type":"binary-expr","locations":[{"start":{"line":45,"column":7},"end":{"line":45,"column":12}},{"start":{"line":45,"column":16},"end":{"line":45,"column":27}}],"line":45}},"s":{"0":1,"1":1,"2":1,"3":1,"4":1,"5":1,"6":1,"7":9,"8":9,"9":1,"10":8,"11":4,"12":4,"13":1,"14":3,"15":1,"16":2,"17":1,"18":1,"19":1,"20":1},"f":{"0":9},"b":{"0":[1,8],"1":[4,4],"2":[8,7,6,5,4],"3":[1,3],"4":[4,4],"5":[1,2],"6":[3,3],"7":[1,1],"8":[2,2]},"_coverageSchema":"1a1c01bbd47fc00a2c39e90264f33305004495a9","hash":"71f5607347561536820782d869ace724dcc78a5a"}
,"/Users/benwalker/Documents/programming/Mission-Ready/Code.nosync/Level-5/Missions/Mission-1/Level-5-Mission-1/src/functions/calculateCarValue.js": {"path":"/Users/benwalker/Documents/programming/Mission-Ready/Code.nosync/Level-5/Missions/Mission-1/Level-5-Mission-1/src/functions/calculateCarValue.js","statementMap":{"0":{"start":{"line":4,"column":4},"end":{"line":49,"column":5}},"1":{"start":{"line":6,"column":6},"end":{"line":6,"column":53}},"2":{"start":{"line":9,"column":32},"end":{"line":34,"column":66}},"3":{"start":{"line":11,"column":26},"end":{"line":11,"column":44}},"4":{"start":{"line":34,"column":23},"end":{"line":34,"column":65}},"5":{"start":{"line":38,"column":8},"end":{"line":43,"column":12}},"6":{"start":{"line":40,"column":37},"end":{"line":40,"column":51}},"7":{"start":{"line":45,"column":6},"end":{"line":45,"column":37}},"8":{"start":{"line":48,"column":6},"end":{"line":48,"column":44}},"9":{"start":{"line":53,"column":2},"end":{"line":53,"column":37}}},"fnMap":{"0":{"name":"calculateCarValue","decl":{"start":{"line":3,"column":9},"end":{"line":3,"column":26}},"loc":{"start":{"line":3,"column":40},"end":{"line":50,"column":3}},"line":3},"1":{"name":"(anonymous_1)","decl":{"start":{"line":11,"column":16},"end":{"line":11,"column":17}},"loc":{"start":{"line":11,"column":26},"end":{"line":11,"column":44}},"line":11},"2":{"name":"(anonymous_2)","decl":{"start":{"line":34,"column":13},"end":{"line":34,"column":14}},"loc":{"start":{"line":34,"column":23},"end":{"line":34,"column":65}},"line":34},"3":{"name":"(anonymous_3)","decl":{"start":{"line":40,"column":18},"end":{"line":40,"column":19}},"loc":{"start":{"line":40,"column":37},"end":{"line":40,"column":51}},"line":40}},"branchMap":{},"s":{"0":1,"1":1,"2":1,"3":5,"4":5,"5":1,"6":5,"7":1,"8":0,"9":1},"f":{"0":1,"1":5,"2":5,"3":5},"b":{},"_coverageSchema":"1a1c01bbd47fc00a2c39e90264f33305004495a9","hash":"1db250d1387883bc78b0c58ab60b61b2f4db7970"}
}
