{"/Users/benwalker/Documents/programming/Mission-Ready/Code.nosync/Level-5/Missions/Mission-1/Level-5-Mission-1/src/index.cjs": {"path":"/Users/benwalker/Documents/programming/Mission-Ready/Code.nosync/Level-5/Missions/Mission-1/Level-5-Mission-1/src/index.cjs","statementMap":{"0":{"start":{"line":2,"column":16},"end":{"line":2,"column":34}},"1":{"start":{"line":3,"column":19},"end":{"line":3,"column":41}},"2":{"start":{"line":6,"column":12},"end":{"line":6,"column":21}},"3":{"start":{"line":9,"column":13},"end":{"line":9,"column":17}},"4":{"start":{"line":12,"column":0},"end":{"line":12,"column":27}},"5":{"start":{"line":13,"column":0},"end":{"line":13,"column":51}},"6":{"start":{"line":18,"column":2},"end":{"line":63,"column":3}},"7":{"start":{"line":20,"column":4},"end":{"line":20,"column":51}},"8":{"start":{"line":23,"column":30},"end":{"line":48,"column":64}},"9":{"start":{"line":25,"column":24},"end":{"line":25,"column":42}},"10":{"start":{"line":48,"column":21},"end":{"line":48,"column":63}},"11":{"start":{"line":52,"column":6},"end":{"line":57,"column":10}},"12":{"start":{"line":54,"column":35},"end":{"line":54,"column":49}},"13":{"start":{"line":59,"column":4},"end":{"line":59,"column":35}},"14":{"start":{"line":62,"column":4},"end":{"line":62,"column":42}},"15":{"start":{"line":68,"column":0},"end":{"line":104,"column":3}},"16":{"start":{"line":70,"column":26},"end":{"line":70,"column":34}},"17":{"start":{"line":78,"column":2},"end":{"line":80,"column":3}},"18":{"start":{"line":79,"column":4},"end":{"line":79,"column":108}},"19":{"start":{"line":82,"column":2},"end":{"line":84,"column":3}},"20":{"start":{"line":83,"column":4},"end":{"line":83,"column":77}},"21":{"start":{"line":87,"column":2},"end":{"line":89,"column":3}},"22":{"start":{"line":88,"column":4},"end":{"line":88,"column":75}},"23":{"start":{"line":91,"column":2},"end":{"line":93,"column":3}},"24":{"start":{"line":92,"column":4},"end":{"line":92,"column":76}},"25":{"start":{"line":95,"column":2},"end":{"line":97,"column":3}},"26":{"start":{"line":96,"column":4},"end":{"line":96,"column":74}},"27":{"start":{"line":100,"column":17},"end":{"line":100,"column":47}},"28":{"start":{"line":103,"column":2},"end":{"line":103,"column":19}},"29":{"start":{"line":116,"column":0},"end":{"line":121,"column":1}},"30":{"start":{"line":118,"column":2},"end":{"line":120,"column":5}},"31":{"start":{"line":119,"column":4},"end":{"line":119,"column":65}},"32":{"start":{"line":127,"column":0},"end":{"line":127,"column":21}}},"fnMap":{"0":{"name":"calculateCarValue","decl":{"start":{"line":17,"column":9},"end":{"line":17,"column":26}},"loc":{"start":{"line":17,"column":40},"end":{"line":64,"column":1}},"line":17},"1":{"name":"(anonymous_1)","decl":{"start":{"line":25,"column":14},"end":{"line":25,"column":15}},"loc":{"start":{"line":25,"column":24},"end":{"line":25,"column":42}},"line":25},"2":{"name":"(anonymous_2)","decl":{"start":{"line":48,"column":11},"end":{"line":48,"column":12}},"loc":{"start":{"line":48,"column":21},"end":{"line":48,"column":63}},"line":48},"3":{"name":"(anonymous_3)","decl":{"start":{"line":54,"column":16},"end":{"line":54,"column":17}},"loc":{"start":{"line":54,"column":35},"end":{"line":54,"column":49}},"line":54},"4":{"name":"(anonymous_4)","decl":{"start":{"line":68,"column":31},"end":{"line":68,"column":32}},"loc":{"start":{"line":68,"column":45},"end":{"line":104,"column":1}},"line":68},"5":{"name":"(anonymous_5)","decl":{"start":{"line":118,"column":19},"end":{"line":118,"column":20}},"loc":{"start":{"line":118,"column":25},"end":{"line":120,"column":3}},"line":118}},"branchMap":{"0":{"loc":{"start":{"line":78,"column":2},"end":{"line":80,"column":3}},"type":"if","locations":[{"start":{"line":78,"column":2},"end":{"line":80,"column":3}},{"start":{},"end":{}}],"line":78},"1":{"loc":{"start":{"line":82,"column":2},"end":{"line":84,"column":3}},"type":"if","locations":[{"start":{"line":82,"column":2},"end":{"line":84,"column":3}},{"start":{},"end":{}}],"line":82},"2":{"loc":{"start":{"line":82,"column":6},"end":{"line":82,"column":88}},"type":"binary-expr","locations":[{"start":{"line":82,"column":7},"end":{"line":82,"column":21}},{"start":{"line":82,"column":25},"end":{"line":82,"column":44}},{"start":{"line":82,"column":48},"end":{"line":82,"column":63}},{"start":{"line":82,"column":67},"end":{"line":82,"column":79}},{"start":{"line":82,"column":84},"end":{"line":82,"column":88}}],"line":82},"3":{"loc":{"start":{"line":87,"column":2},"end":{"line":89,"column":3}},"type":"if","locations":[{"start":{"line":87,"column":2},"end":{"line":89,"column":3}},{"start":{},"end":{}}],"line":87},"4":{"loc":{"start":{"line":87,"column":6},"end":{"line":87,"column":39}},"type":"binary-expr","locations":[{"start":{"line":87,"column":6},"end":{"line":87,"column":11}},{"start":{"line":87,"column":15},"end":{"line":87,"column":39}}],"line":87},"5":{"loc":{"start":{"line":91,"column":2},"end":{"line":93,"column":3}},"type":"if","locations":[{"start":{"line":91,"column":2},"end":{"line":93,"column":3}},{"start":{},"end":{}}],"line":91},"6":{"loc":{"start":{"line":91,"column":6},"end":{"line":91,"column":26}},"type":"binary-expr","locations":[{"start":{"line":91,"column":6},"end":{"line":91,"column":11}},{"start":{"line":91,"column":15},"end":{"line":91,"column":26}}],"line":91},"7":{"loc":{"start":{"line":95,"column":2},"end":{"line":97,"column":3}},"type":"if","locations":[{"start":{"line":95,"column":2},"end":{"line":97,"column":3}},{"start":{},"end":{}}],"line":95},"8":{"loc":{"start":{"line":95,"column":5},"end":{"line":95,"column":25}},"type":"binary-expr","locations":[{"start":{"line":95,"column":5},"end":{"line":95,"column":10}},{"start":{"line":95,"column":14},"end":{"line":95,"column":25}}],"line":95},"9":{"loc":{"start":{"line":116,"column":0},"end":{"line":121,"column":1}},"type":"if","locations":[{"start":{"line":116,"column":0},"end":{"line":121,"column":1}},{"start":{},"end":{}}],"line":116}},"s":{"0":1,"1":1,"2":1,"3":1,"4":1,"5":1,"6":1,"7":1,"8":1,"9":5,"10":5,"11":1,"12":5,"13":1,"14":0,"15":1,"16":9,"17":9,"18":1,"19":8,"20":4,"21":4,"22":1,"23":3,"24":1,"25":2,"26":1,"27":1,"28":1,"29":1,"30":0,"31":0,"32":1},"f":{"0":1,"1":5,"2":5,"3":5,"4":9,"5":0},"b":{"0":[1,8],"1":[4,4],"2":[8,7,6,5,4],"3":[1,3],"4":[4,4],"5":[1,2],"6":[3,3],"7":[1,1],"8":[2,2],"9":[0,1]},"inputSourceMap":null,"_coverageSchema":"1a1c01bbd47fc00a2c39e90264f33305004495a9","hash":"27b1754791ce889fbbae689a348c64af5d0e13d2"}
}
