TN:
SF:src/index.cjs
FN:17,calculateCarValue
FN:25,(anonymous_1)
FN:48,(anonymous_2)
FN:54,(anonymous_3)
FN:68,(anonymous_4)
FN:118,(anonymous_5)
FNF:6
FNH:5
FNDA:1,calculateCarValue
FNDA:5,(anonymous_1)
FNDA:5,(anonymous_2)
FNDA:5,(anonymous_3)
FNDA:9,(anonymous_4)
FNDA:0,(anonymous_5)
DA:2,1
DA:3,1
DA:6,1
DA:9,1
DA:12,1
DA:13,1
DA:18,1
DA:20,1
DA:23,1
DA:25,5
DA:48,5
DA:52,1
DA:54,5
DA:59,1
DA:62,0
DA:68,1
DA:70,9
DA:78,9
DA:79,1
DA:82,8
DA:83,4
DA:87,4
DA:88,1
DA:91,3
DA:92,1
DA:95,2
DA:96,1
DA:100,1
DA:103,1
DA:116,1
DA:118,0
DA:119,0
DA:127,1
LF:33
LH:30
BRDA:78,0,0,1
BRDA:78,0,1,8
BRDA:82,1,0,4
BRDA:82,1,1,4
BRDA:82,2,0,8
BRDA:82,2,1,7
BRDA:82,2,2,6
BRDA:82,2,3,5
BRDA:82,2,4,4
BRDA:87,3,0,1
BRDA:87,3,1,3
BRDA:87,4,0,4
BRDA:87,4,1,4
BRDA:91,5,0,1
BRDA:91,5,1,2
BRDA:91,6,0,3
BRDA:91,6,1,3
BRDA:95,7,0,1
BRDA:95,7,1,1
BRDA:95,8,0,2
BRDA:95,8,1,2
BRDA:116,9,0,0
BRDA:116,9,1,1
BRF:23
BRH:22
end_of_record
