TN:
SF:index.cjs
FN:17,calculateCarValue
FN:25,(anonymous_1)
FN:48,(anonymous_2)
FN:54,(anonymous_3)
FN:68,(anonymous_4)
FN:96,(anonymous_5)
FNF:6
FNH:5
FNDA:1,calculateCarValue
FNDA:5,(anonymous_1)
FNDA:5,(anonymous_2)
FNDA:5,(anonymous_3)
FNDA:2,(anonymous_4)
FNDA:0,(anonymous_5)
DA:2,1
DA:3,1
DA:6,1
DA:9,1
DA:12,1
DA:13,1
DA:18,1
DA:20,1
DA:23,1
DA:25,5
DA:48,5
DA:52,1
DA:54,5
DA:59,1
DA:62,0
DA:68,1
DA:70,2
DA:73,2
DA:74,1
DA:78,1
DA:81,1
DA:94,1
DA:96,0
DA:97,0
DA:105,1
LF:25
LH:22
BRDA:73,0,0,1
BRDA:73,0,1,1
BRDA:73,1,0,2
BRDA:73,1,1,2
BRDA:73,1,2,1
BRDA:94,2,0,0
BRDA:94,2,1,1
BRF:7
BRH:6
end_of_record
